{"D:\\Tutorial\\My Project\\opensourcejslib\\src\\index.test.js":{"path":"D:\\Tutorial\\My Project\\opensourcejslib\\src\\index.test.js","s":{"1":1,"2":1,"3":1,"4":1,"5":1,"6":1,"7":1,"8":1,"9":1,"10":1,"11":1,"12":8,"13":1,"14":1},"b":{},"f":{"1":1,"2":1,"3":1,"4":1,"5":1,"6":1,"7":8,"8":1},"fnMap":{"1":{"name":"(anonymous_1)","line":4,"loc":{"start":{"line":4,"column":34},"end":{"line":4,"column":44}}},"2":{"name":"(anonymous_2)","line":5,"loc":{"start":{"line":5,"column":18},"end":{"line":5,"column":28}}},"3":{"name":"(anonymous_3)","line":10,"loc":{"start":{"line":10,"column":36},"end":{"line":10,"column":46}}},"4":{"name":"(anonymous_4)","line":11,"loc":{"start":{"line":11,"column":26},"end":{"line":11,"column":36}}},"5":{"name":"(anonymous_5)","line":12,"loc":{"start":{"line":12,"column":35},"end":{"line":12,"column":45}}},"6":{"name":"isArrayOfStrings","line":15,"loc":{"start":{"line":15,"column":3},"end":{"line":15,"column":35}}},"7":{"name":"(anonymous_7)","line":16,"loc":{"start":{"line":16,"column":23},"end":{"line":16,"column":37}}},"8":{"name":"(anonymous_8)","line":21,"loc":{"start":{"line":21,"column":31},"end":{"line":21,"column":41}}}},"statementMap":{"1":{"start":{"line":1,"column":0},"end":{"line":1,"column":36}},"2":{"start":{"line":2,"column":0},"end":{"line":2,"column":36}},"3":{"start":{"line":4,"column":0},"end":{"line":8,"column":3}},"4":{"start":{"line":5,"column":1},"end":{"line":7,"column":4}},"5":{"start":{"line":6,"column":2},"end":{"line":6,"column":26}},"6":{"start":{"line":10,"column":0},"end":{"line":25,"column":3}},"7":{"start":{"line":11,"column":1},"end":{"line":24,"column":4}},"8":{"start":{"line":12,"column":2},"end":{"line":20,"column":5}},"9":{"start":{"line":13,"column":3},"end":{"line":13,"column":55}},"10":{"start":{"line":15,"column":3},"end":{"line":19,"column":4}},"11":{"start":{"line":16,"column":4},"end":{"line":18,"column":7}},"12":{"start":{"line":17,"column":5},"end":{"line":17,"column":37}},"13":{"start":{"line":21,"column":2},"end":{"line":23,"column":5}},"14":{"start":{"line":22,"column":3},"end":{"line":22,"column":48}}},"branchMap":{}},"D:\\Tutorial\\My Project\\opensourcejslib\\src\\index.js":{"path":"D:\\Tutorial\\My Project\\opensourcejslib\\src\\index.js","s":{"1":1,"2":1,"3":1},"b":{},"f":{},"fnMap":{},"statementMap":{"1":{"start":{"line":1,"column":0},"end":{"line":1,"column":39}},"2":{"start":{"line":2,"column":0},"end":{"line":2,"column":55}},"3":{"start":{"line":3,"column":0},"end":{"line":6,"column":1}}},"branchMap":{}}}